PRT1
50
125
4 0 22 (264 0 256 ) (264 0 384 ) (256 0 384 ) (256 0 256 ) 
4 0 6 (256 2 256 ) (256 0 256 ) (256 0 384 ) (256 2 384 ) 
4 0 4 (256 3 256 ) (256 2 256 ) (256 2 384 ) (256 3 384 ) 
4 0 3 (256 520 256 ) (256 3 256 ) (256 3 384 ) (256 520 384 ) 
4 1 23 (264 0 128 ) (264 0 240 ) (256 0 240 ) (256 0 128 ) 
4 1 6 (256 2 128 ) (256 0 128 ) (256 0 240 ) (256 2 240 ) 
4 1 4 (256 3 128 ) (256 2 128 ) (256 2 240 ) (256 3 240 ) 
4 1 3 (256 512 128 ) (256 3 128 ) (256 3 240 ) (256 512 240 ) 
4 2 3 (256 68 24 ) (256 68 88 ) (256 196 88 ) (256 196 24 ) 
4 3 9 (0 3 384 ) (0 520 384 ) (0 520 0 ) (0 3 0 ) 
4 3 5 (208 3 0 ) (256 3 0 ) (256 3 64 ) (208 3 64 ) 
4 3 4 (256 3 64 ) (256 3 384 ) (208 3 384 ) (208 3 64 ) 
4 3 8 (0 3 0 ) (208 3 0 ) (208 3 384 ) (0 3 384 ) 
4 4 6 (208 2 384 ) (208 2 64 ) (256 2 64 ) (256 2 384 ) 
4 4 8 (208 3 384 ) (208 3 64 ) (208 2 64 ) (208 2 384 ) 
4 4 5 (256 2 64 ) (208 2 64 ) (208 3 64 ) (256 3 64 ) 
4 5 7 (208 2 64 ) (208 2 0 ) (256 2 0 ) (256 2 64 ) 
4 5 8 (208 3 64 ) (208 3 0 ) (208 2 0 ) (208 2 64 ) 
4 6 25 (256 0 64 ) (256 0 128 ) (208 0 128 ) (208 0 64 ) 
4 6 24 (256 0 128 ) (256 0 384 ) (208 0 384 ) (208 0 128 ) 
4 6 8 (208 0 64 ) (208 0 384 ) (208 2 384 ) (208 2 64 ) 
4 6 7 (208 0 64 ) (208 2 64 ) (256 2 64 ) (256 0 64 ) 
4 7 25 (256 0 32 ) (256 0 64 ) (208 0 64 ) (208 0 32 ) 
4 7 8 (208 2 0 ) (208 0 0 ) (208 0 64 ) (208 2 64 ) 
4 8 29 (0 0 128 ) (0 0 32 ) (208 0 32 ) (208 0 128 ) 
4 8 24 (0 0 384 ) (0 0 128 ) (208 0 128 ) (208 0 384 ) 
4 8 9 (0 0 0 ) (0 0 384 ) (0 3 384 ) (0 3 0 ) 
4 9 37 (0 0 32 ) (0 0 128 ) (-208 0 128 ) (-208 0 32 ) 
4 9 36 (0 0 128 ) (0 0 384 ) (-208 0 384 ) (-208 0 128 ) 
4 9 13 (-208 2 0 ) (-208 0 0 ) (-208 0 64 ) (-208 2 64 ) 
4 9 12 (-208 3 0 ) (-208 2 0 ) (-208 2 64 ) (-208 3 64 ) 
4 9 11 (-208 0 64 ) (-208 0 384 ) (-208 3 384 ) (-208 3 64 ) 
4 9 10 (-208 520 384 ) (-208 520 0 ) (-208 3 0 ) (-208 3 384 ) 
4 10 19 (-256 204 37 ) (-256 10 37 ) (-256 10 93 ) (-256 204 93 ) 
4 10 16 (-256 268 37 ) (-256 204 37 ) (-256 204 93 ) (-256 268 93 ) 
4 10 15 (-256 512 128 ) (-256 3 128 ) (-256 3 240 ) (-256 512 240 ) 
4 10 14 (-256 3 384 ) (-256 520 384 ) (-256 520 256 ) (-256 3 256 ) 
4 10 12 (-256 3 0 ) (-208 3 0 ) (-208 3 64 ) (-256 3 64 ) 
4 10 11 (-208 3 64 ) (-208 3 384 ) (-256 3 384 ) (-256 3 64 ) 
4 11 38 (-256 0 128 ) (-256 0 64 ) (-208 0 64 ) (-208 0 128 ) 
4 11 36 (-208 0 384 ) (-256 0 384 ) (-256 0 128 ) (-208 0 128 ) 
4 11 15 (-256 0 128 ) (-256 0 240 ) (-256 3 240 ) (-256 3 128 ) 
4 11 14 (-256 0 256 ) (-256 0 384 ) (-256 3 384 ) (-256 3 256 ) 
4 11 13 (-256 0 64 ) (-256 2 64 ) (-208 2 64 ) (-208 0 64 ) 
4 11 12 (-256 2 64 ) (-256 3 64 ) (-208 3 64 ) (-208 2 64 ) 
4 12 13 (-256 2 0 ) (-208 2 0 ) (-208 2 64 ) (-256 2 64 ) 
4 13 38 (-256 0 64 ) (-256 0 32 ) (-208 0 32 ) (-208 0 64 ) 
4 14 48 (-256 0 256 ) (-256 0 384 ) (-264 0 384 ) (-264 0 256 ) 
4 15 49 (-256 0 128 ) (-256 0 240 ) (-264 0 240 ) (-264 0 128 ) 
4 16 19 (-260 204 37 ) (-256 204 37 ) (-256 204 93 ) (-260 204 93 ) 
4 16 17 (-260 204 87 ) (-260 204 93 ) (-260 268 93 ) (-260 268 87 ) 
4 17 18 (-261 204 87 ) (-261 204 93 ) (-261 268 93 ) (-261 268 87 ) 
4 18 20 (-264 204 37 ) (-261 204 37 ) (-261 204 93 ) (-264 204 93 ) 
4 22 34 (256 -512 256 ) (256 -776 256 ) (256 -776 384 ) (256 -512 384 ) 
4 22 24 (256 0 384 ) (256 0 256 ) (256 -512 256 ) (256 -512 384 ) 
4 23 35 (256 -512 128 ) (256 -768 128 ) (256 -768 240 ) (256 -512 240 ) 
4 23 24 (256 0 240 ) (256 0 128 ) (256 -512 128 ) (256 -512 240 ) 
4 24 36 (0 0 384 ) (0 0 128 ) (0 -512 128 ) (0 -512 384 ) 
4 24 35 (256 -512 128 ) (256 -512 256 ) (0 -512 256 ) (0 -512 128 ) 
4 24 34 (256 -512 256 ) (256 -512 384 ) (0 -512 384 ) (0 -512 256 ) 
4 24 32 (256 -512 128 ) (208 -512 128 ) (208 -510 128 ) (256 -510 128 ) 
4 24 31 (208 -510 128 ) (208 -509 128 ) (256 -509 128 ) (256 -510 128 ) 
4 24 33 (208 -512 128 ) (0 -512 128 ) (0 -509 128 ) (208 -509 128 ) 
4 24 30 (0 -509 128 ) (0 -256 128 ) (256 -256 128 ) (256 -509 128 ) 
4 24 26 (256 -253 128 ) (256 -256 128 ) (208 -256 128 ) (208 -253 128 ) 
4 24 25 (208 0 128 ) (256 0 128 ) (256 -253 128 ) (208 -253 128 ) 
4 24 29 (0 -256 128 ) (0 0 128 ) (208 0 128 ) (208 -256 128 ) 
4 25 27 (208 -253 96 ) (208 -253 32 ) (256 -253 32 ) (256 -253 96 ) 
4 25 26 (208 -253 128 ) (208 -253 96 ) (256 -253 96 ) (256 -253 128 ) 
4 25 29 (208 0 32 ) (208 -253 32 ) (208 -253 128 ) (208 0 128 ) 
4 26 30 (256 -256 96 ) (256 -256 128 ) (208 -256 128 ) (208 -256 96 ) 
4 26 28 (256 -256 96 ) (208 -256 96 ) (208 -254 96 ) (256 -254 96 ) 
4 26 27 (208 -254 96 ) (208 -253 96 ) (256 -253 96 ) (256 -254 96 ) 
4 26 29 (208 -256 96 ) (208 -256 128 ) (208 -253 128 ) (208 -253 96 ) 
4 27 29 (208 -253 32 ) (208 -254 32 ) (208 -254 96 ) (208 -253 96 ) 
4 27 28 (256 -254 96 ) (208 -254 96 ) (208 -254 32 ) (256 -254 32 ) 
4 28 30 (256 -256 64 ) (256 -256 96 ) (208 -256 96 ) (208 -256 64 ) 
4 28 29 (208 -254 32 ) (208 -256 32 ) (208 -256 96 ) (208 -254 96 ) 
4 29 37 (0 0 128 ) (0 0 32 ) (0 -256 32 ) (0 -256 128 ) 
4 29 30 (208 -256 64 ) (208 -256 128 ) (0 -256 128 ) (0 -256 64 ) 
4 30 42 (0 -509 128 ) (0 -256 128 ) (0 -256 64 ) (0 -509 64 ) 
4 30 31 (208 -509 64 ) (256 -509 64 ) (256 -509 128 ) (208 -509 128 ) 
4 30 33 (0 -509 64 ) (208 -509 64 ) (208 -509 128 ) (0 -509 128 ) 
4 31 33 (208 -509 128 ) (208 -509 64 ) (208 -510 64 ) (208 -510 128 ) 
4 31 32 (208 -510 128 ) (208 -510 64 ) (256 -510 64 ) (256 -510 128 ) 
4 32 35 (256 -512 96 ) (256 -512 128 ) (208 -512 128 ) (208 -512 96 ) 
4 32 33 (208 -510 64 ) (208 -512 64 ) (208 -512 128 ) (208 -510 128 ) 
4 33 43 (0 -512 64 ) (0 -512 128 ) (0 -509 128 ) (0 -509 64 ) 
4 33 35 (208 -512 128 ) (0 -512 128 ) (0 -512 96 ) (208 -512 96 ) 
4 34 46 (0 -776 256 ) (0 -776 384 ) (0 -512 384 ) (0 -512 256 ) 
4 34 35 (0 -768 256 ) (0 -512 256 ) (256 -512 256 ) (256 -768 256 ) 
4 35 47 (0 -768 256 ) (0 -512 256 ) (0 -512 96 ) (0 -768 96 ) 
4 36 49 (-256 0 240 ) (-256 0 128 ) (-256 -512 128 ) (-256 -512 240 ) 
4 36 48 (-256 0 384 ) (-256 0 256 ) (-256 -512 256 ) (-256 -512 384 ) 
4 36 47 (-256 -512 256 ) (-256 -512 128 ) (0 -512 128 ) (0 -512 256 ) 
4 36 46 (-256 -512 384 ) (-256 -512 256 ) (0 -512 256 ) (0 -512 384 ) 
4 36 45 (-208 -512 128 ) (-256 -512 128 ) (-256 -510 128 ) (-208 -510 128 ) 
4 36 44 (-256 -510 128 ) (-256 -509 128 ) (-208 -509 128 ) (-208 -510 128 ) 
4 36 43 (0 -512 128 ) (-208 -512 128 ) (-208 -509 128 ) (0 -509 128 ) 
4 36 42 (-256 -509 128 ) (-256 -256 128 ) (0 -256 128 ) (0 -509 128 ) 
4 36 39 (-256 -256 128 ) (-256 -253 128 ) (-208 -253 128 ) (-208 -256 128 ) 
4 36 38 (-256 -253 128 ) (-256 0 128 ) (-208 0 128 ) (-208 -253 128 ) 
4 36 37 (-208 0 128 ) (0 0 128 ) (0 -256 128 ) (-208 -256 128 ) 
4 37 42 (0 -256 64 ) (0 -256 128 ) (-208 -256 128 ) (-208 -256 64 ) 
4 37 41 (-208 -254 32 ) (-208 -256 32 ) (-208 -256 96 ) (-208 -254 96 ) 
4 37 40 (-208 -253 32 ) (-208 -254 32 ) (-208 -254 96 ) (-208 -253 96 ) 
4 37 39 (-208 -256 96 ) (-208 -256 128 ) (-208 -253 128 ) (-208 -253 96 ) 
4 37 38 (-208 0 32 ) (-208 -253 32 ) (-208 -253 128 ) (-208 0 128 ) 
4 38 40 (-256 -253 32 ) (-208 -253 32 ) (-208 -253 96 ) (-256 -253 96 ) 
4 38 39 (-208 -253 96 ) (-208 -253 128 ) (-256 -253 128 ) (-256 -253 96 ) 
4 39 42 (-208 -256 96 ) (-208 -256 128 ) (-256 -256 128 ) (-256 -256 96 ) 
4 39 41 (-208 -254 96 ) (-208 -256 96 ) (-256 -256 96 ) (-256 -254 96 ) 
4 39 40 (-256 -253 96 ) (-208 -253 96 ) (-208 -254 96 ) (-256 -254 96 ) 
4 40 41 (-256 -254 32 ) (-208 -254 32 ) (-208 -254 96 ) (-256 -254 96 ) 
4 41 42 (-208 -256 64 ) (-208 -256 96 ) (-256 -256 96 ) (-256 -256 64 ) 
4 42 44 (-256 -509 64 ) (-208 -509 64 ) (-208 -509 128 ) (-256 -509 128 ) 
4 42 43 (-208 -509 64 ) (0 -509 64 ) (0 -509 128 ) (-208 -509 128 ) 
4 43 47 (0 -512 96 ) (0 -512 128 ) (-208 -512 128 ) (-208 -512 96 ) 
4 43 45 (-208 -510 64 ) (-208 -512 64 ) (-208 -512 128 ) (-208 -510 128 ) 
4 43 44 (-208 -509 128 ) (-208 -509 64 ) (-208 -510 64 ) (-208 -510 128 ) 
4 44 45 (-256 -510 64 ) (-208 -510 64 ) (-208 -510 128 ) (-256 -510 128 ) 
4 45 47 (-256 -512 128 ) (-256 -512 96 ) (-208 -512 96 ) (-208 -512 128 ) 
4 46 48 (-256 -776 256 ) (-256 -776 384 ) (-256 -512 384 ) (-256 -512 256 ) 
4 46 47 (-256 -768 256 ) (-256 -512 256 ) (0 -512 256 ) (0 -768 256 ) 
4 47 49 (-256 -512 240 ) (-256 -512 128 ) (-256 -768 128 ) (-256 -768 240 ) 
